0 info it worked if it ends with ok
1 verbose cli [ 'C:\\Program Files\\nodejs\\\\node.exe',
1 verbose cli   'C:\\Program Files\\nodejs\\node_modules\\npm\\bin\\npm-cli.js',
1 verbose cli   'publish' ]
2 info using npm@1.4.3
3 info using node@v0.10.26
4 verbose node symlink C:\Program Files\nodejs\\node.exe
5 verbose publish [ '.' ]
6 verbose cache add [ '.', null ]
7 verbose cache add name=undefined spec="." args=[".",null]
8 verbose parsed url { protocol: null,
8 verbose parsed url   slashes: null,
8 verbose parsed url   auth: null,
8 verbose parsed url   host: null,
8 verbose parsed url   port: null,
8 verbose parsed url   hostname: null,
8 verbose parsed url   hash: null,
8 verbose parsed url   search: null,
8 verbose parsed url   query: null,
8 verbose parsed url   pathname: '.',
8 verbose parsed url   path: '.',
8 verbose parsed url   href: '.' }
9 silly lockFile 3a52ce78- .
10 verbose lock . C:\Users\joshm_000\AppData\Roaming\npm-cache\3a52ce78-.lock
11 verbose tar pack [ 'C:\\Users\\JOSHM_~1\\AppData\\Local\\Temp\\npm-7060-d0RWt_D6\\1398579129104-0.4613671519327909\\tmp.tgz',
11 verbose tar pack   '.' ]
12 verbose tarball C:\Users\JOSHM_~1\AppData\Local\Temp\npm-7060-d0RWt_D6\1398579129104-0.4613671519327909\tmp.tgz
13 verbose folder .
14 info prepublish localjsondb@0.0.4
15 silly lockFile 1f1177db-tar tar://.
16 verbose lock tar://. C:\Users\joshm_000\AppData\Roaming\npm-cache\1f1177db-tar.lock
17 silly lockFile 7f0bf3e3-29104-0-4613671519327909-tmp-tgz tar://C:\Users\JOSHM_~1\AppData\Local\Temp\npm-7060-d0RWt_D6\1398579129104-0.4613671519327909\tmp.tgz
18 verbose lock tar://C:\Users\JOSHM_~1\AppData\Local\Temp\npm-7060-d0RWt_D6\1398579129104-0.4613671519327909\tmp.tgz C:\Users\joshm_000\AppData\Roaming\npm-cache\7f0bf3e3-29104-0-4613671519327909-tmp-tgz.lock
19 silly lockFile 1f1177db-tar tar://.
20 silly lockFile 1f1177db-tar tar://.
21 silly lockFile 7f0bf3e3-29104-0-4613671519327909-tmp-tgz tar://C:\Users\JOSHM_~1\AppData\Local\Temp\npm-7060-d0RWt_D6\1398579129104-0.4613671519327909\tmp.tgz
22 silly lockFile 7f0bf3e3-29104-0-4613671519327909-tmp-tgz tar://C:\Users\JOSHM_~1\AppData\Local\Temp\npm-7060-d0RWt_D6\1398579129104-0.4613671519327909\tmp.tgz
23 verbose tar unpack C:\Users\JOSHM_~1\AppData\Local\Temp\npm-7060-d0RWt_D6\1398579129104-0.4613671519327909\tmp.tgz
24 silly lockFile 67cba3bd-29104-0-4613671519327909-package tar://C:\Users\JOSHM_~1\AppData\Local\Temp\npm-7060-d0RWt_D6\1398579129104-0.4613671519327909\package
25 verbose lock tar://C:\Users\JOSHM_~1\AppData\Local\Temp\npm-7060-d0RWt_D6\1398579129104-0.4613671519327909\package C:\Users\joshm_000\AppData\Roaming\npm-cache\67cba3bd-29104-0-4613671519327909-package.lock
26 silly lockFile 7f0bf3e3-29104-0-4613671519327909-tmp-tgz tar://C:\Users\JOSHM_~1\AppData\Local\Temp\npm-7060-d0RWt_D6\1398579129104-0.4613671519327909\tmp.tgz
27 verbose lock tar://C:\Users\JOSHM_~1\AppData\Local\Temp\npm-7060-d0RWt_D6\1398579129104-0.4613671519327909\tmp.tgz C:\Users\joshm_000\AppData\Roaming\npm-cache\7f0bf3e3-29104-0-4613671519327909-tmp-tgz.lock
28 silly gunzTarPerm modes [ '755', '644' ]
29 silly gunzTarPerm extractEntry package.json
30 silly gunzTarPerm modified mode [ 'package.json', 438, 420 ]
31 silly gunzTarPerm extractEntry .npmignore
32 silly gunzTarPerm modified mode [ '.npmignore', 438, 420 ]
33 silly gunzTarPerm extractEntry README.md
34 silly gunzTarPerm modified mode [ 'README.md', 438, 420 ]
35 silly gunzTarPerm extractEntry LICENSE
36 silly gunzTarPerm modified mode [ 'LICENSE', 438, 420 ]
37 silly gunzTarPerm extractEntry localjsondb-express.js
38 silly gunzTarPerm modified mode [ 'localjsondb-express.js', 438, 420 ]
39 silly gunzTarPerm extractEntry localjsondb.js
40 silly gunzTarPerm modified mode [ 'localjsondb.js', 438, 420 ]
41 silly gunzTarPerm extractEntry MakeFile
42 silly gunzTarPerm modified mode [ 'MakeFile', 438, 420 ]
43 silly gunzTarPerm extractEntry tests/test.js
44 silly gunzTarPerm modified mode [ 'tests/test.js', 438, 420 ]
45 silly gunzTarPerm extractEntry tests/test-db-populated.json
46 silly gunzTarPerm modified mode [ 'tests/test-db-populated.json', 438, 420 ]
47 silly gunzTarPerm extractEntry .travis.yml
48 silly gunzTarPerm modified mode [ '.travis.yml', 438, 420 ]
49 silly gunzTarPerm extractEntry examples/example-basic.js
50 silly gunzTarPerm modified mode [ 'examples/example-basic.js', 438, 420 ]
51 silly gunzTarPerm extractEntry examples/example-express.js
52 silly gunzTarPerm modified mode [ 'examples/example-express.js', 438, 420 ]
53 silly gunzTarPerm extractEntry examples/example-express-db-client.htm
54 silly gunzTarPerm modified mode [ 'examples/example-express-db-client.htm', 438, 420 ]
55 silly lockFile 67cba3bd-29104-0-4613671519327909-package tar://C:\Users\JOSHM_~1\AppData\Local\Temp\npm-7060-d0RWt_D6\1398579129104-0.4613671519327909\package
56 silly lockFile 67cba3bd-29104-0-4613671519327909-package tar://C:\Users\JOSHM_~1\AppData\Local\Temp\npm-7060-d0RWt_D6\1398579129104-0.4613671519327909\package
57 silly lockFile 7f0bf3e3-29104-0-4613671519327909-tmp-tgz tar://C:\Users\JOSHM_~1\AppData\Local\Temp\npm-7060-d0RWt_D6\1398579129104-0.4613671519327909\tmp.tgz
58 silly lockFile 7f0bf3e3-29104-0-4613671519327909-tmp-tgz tar://C:\Users\JOSHM_~1\AppData\Local\Temp\npm-7060-d0RWt_D6\1398579129104-0.4613671519327909\tmp.tgz
59 verbose tar pack [ 'C:\\Users\\joshm_000\\AppData\\Roaming\\npm-cache\\localjsondb\\0.0.4\\package.tgz',
59 verbose tar pack   'C:\\Users\\JOSHM_~1\\AppData\\Local\\Temp\\npm-7060-d0RWt_D6\\1398579129104-0.4613671519327909\\package' ]
60 verbose tarball C:\Users\joshm_000\AppData\Roaming\npm-cache\localjsondb\0.0.4\package.tgz
61 verbose folder C:\Users\JOSHM_~1\AppData\Local\Temp\npm-7060-d0RWt_D6\1398579129104-0.4613671519327909\package
62 silly lockFile 67cba3bd-29104-0-4613671519327909-package tar://C:\Users\JOSHM_~1\AppData\Local\Temp\npm-7060-d0RWt_D6\1398579129104-0.4613671519327909\package
63 verbose lock tar://C:\Users\JOSHM_~1\AppData\Local\Temp\npm-7060-d0RWt_D6\1398579129104-0.4613671519327909\package C:\Users\joshm_000\AppData\Roaming\npm-cache\67cba3bd-29104-0-4613671519327909-package.lock
64 silly lockFile 4c792081-he-localjsondb-0-0-4-package-tgz tar://C:\Users\joshm_000\AppData\Roaming\npm-cache\localjsondb\0.0.4\package.tgz
65 verbose lock tar://C:\Users\joshm_000\AppData\Roaming\npm-cache\localjsondb\0.0.4\package.tgz C:\Users\joshm_000\AppData\Roaming\npm-cache\4c792081-he-localjsondb-0-0-4-package-tgz.lock
66 silly lockFile 67cba3bd-29104-0-4613671519327909-package tar://C:\Users\JOSHM_~1\AppData\Local\Temp\npm-7060-d0RWt_D6\1398579129104-0.4613671519327909\package
67 silly lockFile 67cba3bd-29104-0-4613671519327909-package tar://C:\Users\JOSHM_~1\AppData\Local\Temp\npm-7060-d0RWt_D6\1398579129104-0.4613671519327909\package
68 silly lockFile 4c792081-he-localjsondb-0-0-4-package-tgz tar://C:\Users\joshm_000\AppData\Roaming\npm-cache\localjsondb\0.0.4\package.tgz
69 silly lockFile 4c792081-he-localjsondb-0-0-4-package-tgz tar://C:\Users\joshm_000\AppData\Roaming\npm-cache\localjsondb\0.0.4\package.tgz
70 silly lockFile 5963a9e8--cache-localjsondb-0-0-4-package C:\Users\joshm_000\AppData\Roaming\npm-cache\localjsondb\0.0.4\package
71 verbose lock C:\Users\joshm_000\AppData\Roaming\npm-cache\localjsondb\0.0.4\package C:\Users\joshm_000\AppData\Roaming\npm-cache\5963a9e8--cache-localjsondb-0-0-4-package.lock
72 silly lockFile 5963a9e8--cache-localjsondb-0-0-4-package C:\Users\joshm_000\AppData\Roaming\npm-cache\localjsondb\0.0.4\package
73 silly lockFile 5963a9e8--cache-localjsondb-0-0-4-package C:\Users\joshm_000\AppData\Roaming\npm-cache\localjsondb\0.0.4\package
74 verbose tar unpack C:\Users\joshm_000\AppData\Roaming\npm-cache\localjsondb\0.0.4\package.tgz
75 silly lockFile e3ad0a55--cache-localjsondb-0-0-4-package tar://C:\Users\joshm_000\AppData\Roaming\npm-cache\localjsondb\0.0.4\package
76 verbose lock tar://C:\Users\joshm_000\AppData\Roaming\npm-cache\localjsondb\0.0.4\package C:\Users\joshm_000\AppData\Roaming\npm-cache\e3ad0a55--cache-localjsondb-0-0-4-package.lock
77 silly lockFile 4c792081-he-localjsondb-0-0-4-package-tgz tar://C:\Users\joshm_000\AppData\Roaming\npm-cache\localjsondb\0.0.4\package.tgz
78 verbose lock tar://C:\Users\joshm_000\AppData\Roaming\npm-cache\localjsondb\0.0.4\package.tgz C:\Users\joshm_000\AppData\Roaming\npm-cache\4c792081-he-localjsondb-0-0-4-package-tgz.lock
79 silly gunzTarPerm modes [ '755', '644' ]
80 silly gunzTarPerm extractEntry package.json
81 silly gunzTarPerm modified mode [ 'package.json', 438, 420 ]
82 silly gunzTarPerm extractEntry .npmignore
83 silly gunzTarPerm modified mode [ '.npmignore', 438, 420 ]
84 silly gunzTarPerm extractEntry README.md
85 silly gunzTarPerm modified mode [ 'README.md', 438, 420 ]
86 silly gunzTarPerm extractEntry LICENSE
87 silly gunzTarPerm modified mode [ 'LICENSE', 438, 420 ]
88 silly gunzTarPerm extractEntry localjsondb-express.js
89 silly gunzTarPerm modified mode [ 'localjsondb-express.js', 438, 420 ]
90 silly gunzTarPerm extractEntry localjsondb.js
91 silly gunzTarPerm modified mode [ 'localjsondb.js', 438, 420 ]
92 silly gunzTarPerm extractEntry .travis.yml
93 silly gunzTarPerm modified mode [ '.travis.yml', 438, 420 ]
94 silly gunzTarPerm extractEntry MakeFile
95 silly gunzTarPerm modified mode [ 'MakeFile', 438, 420 ]
96 silly gunzTarPerm extractEntry examples/example-basic.js
97 silly gunzTarPerm modified mode [ 'examples/example-basic.js', 438, 420 ]
98 silly gunzTarPerm extractEntry examples/example-express.js
99 silly gunzTarPerm modified mode [ 'examples/example-express.js', 438, 420 ]
100 silly gunzTarPerm extractEntry examples/example-express-db-client.htm
101 silly gunzTarPerm modified mode [ 'examples/example-express-db-client.htm', 438, 420 ]
102 silly gunzTarPerm extractEntry tests/test.js
103 silly gunzTarPerm modified mode [ 'tests/test.js', 438, 420 ]
104 silly gunzTarPerm extractEntry tests/test-db-populated.json
105 silly gunzTarPerm modified mode [ 'tests/test-db-populated.json', 438, 420 ]
106 silly lockFile e3ad0a55--cache-localjsondb-0-0-4-package tar://C:\Users\joshm_000\AppData\Roaming\npm-cache\localjsondb\0.0.4\package
107 silly lockFile e3ad0a55--cache-localjsondb-0-0-4-package tar://C:\Users\joshm_000\AppData\Roaming\npm-cache\localjsondb\0.0.4\package
108 silly lockFile 4c792081-he-localjsondb-0-0-4-package-tgz tar://C:\Users\joshm_000\AppData\Roaming\npm-cache\localjsondb\0.0.4\package.tgz
109 silly lockFile 4c792081-he-localjsondb-0-0-4-package-tgz tar://C:\Users\joshm_000\AppData\Roaming\npm-cache\localjsondb\0.0.4\package.tgz
110 verbose chmod C:\Users\joshm_000\AppData\Roaming\npm-cache\localjsondb\0.0.4\package.tgz 644
111 silly chown skipping for windows C:\Users\joshm_000\AppData\Roaming\npm-cache\localjsondb\0.0.4\package.tgz
112 silly lockFile 3a52ce78- .
113 silly lockFile 3a52ce78- .
114 silly publish { name: 'localjsondb',
114 silly publish   version: '0.0.4',
114 silly publish   main: 'localjsondb.js',
114 silly publish   description: 'A very simple local json file database for Node.js that can be used for prototyping and small projects.',
114 silly publish   keywords: [ 'json', 'local', 'storage', 'database', 'rest' ],
114 silly publish   homepage: 'https://github.com/Jezternz/localjsondb',
114 silly publish   bugs: { url: 'https://github.com/Jezternz/localjsondb/issues' },
114 silly publish   author: { name: 'Joshua McLauchlan', email: 'jezternz@gmail.com' },
114 silly publish   repository:
114 silly publish    { type: 'git',
114 silly publish      url: 'https://github.com/Jezternz/localjsondb.git' },
114 silly publish   dependencies: { mocha: '~1.18.2' },
114 silly publish   scripts: { test: 'mocha ./tests/test.js' },
114 silly publish   readme: 'LocalJsonDB [![Build Status](https://travis-ci.org/Jezternz/localjsondb.svg?branch=master)](https://travis-ci.org/Jezternz/localjsondb)\r\n=======\r\n\r\nA very simple local json file database for Node.js that can be used for prototyping and small projects. \r\n\r\n---\r\n\r\nThe API includes only 3 operations (.get(), .set(), .del()), designed for basic addition, removal, retrieval and filtering with pagination. A helper method is also provided (.expressRouting()) that can be used as express middleware, this enables a simple rest api service with get, post, put and delete operations corresponding to the methods previously mentioned. \r\n\r\nAll operations work synchronously on the database in memory, and asynchonously save changes to a json file.\r\n\r\nTables are essentially just lists of JSON objects. The rows are schemaless and require only a single field to be a unique key. The current implementation does not support concurrent access.\r\n### Installation\r\n```\r\nnpm install localjsondb\r\nnpm install express body-parser // (optional - to use express with rest api)\r\n```\r\n\r\n### API\r\n```javascript\r\ndb = new LocalJsonDB({ "fileName": <fileName>, "prettyJSON": <bool(false)>, "tables": { <setName>: <setUniqueFieldKey>, ... } });\r\n\r\n[itemsAffected] = db.set(<tableName>, <itemOrArray>, { "throwOnDuplicate" : <bool(false)> });\r\n[itemsAffected] = db.del(<tableName>, <matchObjOrArray>);\r\n[itemMatches] = db.get(<tableName>, <matchObjOrArray>, { "exactMatch": <bool(false)>, "ignoreCase": <bool(false)>, "orderBy": <fieldName(null)>, "orderAscending": <bool(false)>, "offset": <number(0)>, "limit": <number(-1)> });\r\n[expressAllHandler] = db.expressRouting();\r\n\r\nwhere <matchObjOrArray> is one of:\r\n* Single or array of unique keys in the target table.\r\n* Single or array of objects to match against, eg: { <fieldName>:<matchValue>, <fieldName2>:<matchValue2>} means retrieve all values where rows (fieldName contains matchValue or fieldName2 contains matchValue2)\r\n```\r\n\r\n### Examples  \r\n*tests/test.js* - advanced usage examples.  \r\n*examples/example-basic.js* - basic usage examples.  \r\n*examples/example-express.js* - real use case example hosting the rest api with express, and an html client to talk to it with.  \r\n\r\n### Improvements\r\n* Write as a C++ plugin to decrease CPU load.\r\n* Investigate ways to fix concurrency issues.\r\n* In the actual search function, could count number of matches instead of returning on first match, to enable sort by relevance.\r\n* Recover from process end (maybe save synchronously when process is going to end)\r\n\r\n### Releases\r\n0.0.1 - Basic working package  \r\n0.0.2 - Adding test cases  \r\n0.0.3 - Added many more test cases, updated API and optional search params  \r\n0.0.4 - Updated to include a basic Express routing method.\r\n',
114 silly publish   readmeFilename: 'README.md',
114 silly publish   _id: 'localjsondb@0.0.4',
114 silly publish   dist: { shasum: 'e64a5bf860b0e7fd7e83313e022ec737924bd6ff' },
114 silly publish   _from: '.' }
115 verbose url raw localjsondb
116 verbose url resolving [ 'https://registry.npmjs.org/', './localjsondb' ]
117 verbose url resolved https://registry.npmjs.org/localjsondb
118 info trying registry request attempt 1 at 15:42:09
119 http PUT https://registry.npmjs.org/localjsondb
120 http 403 https://registry.npmjs.org/localjsondb
121 error publish Failed PUT 403
122 error Error: forbidden cannot modify pre-existing version: 0.0.4
122 error old={"name":"localjsondb","version":"0.0.4","main":"localjsondb.js","description":"A very simple local json file database for Node.js that can be used for prototyping and small projects.","keywords":["json","local","storage","database","rest"],"homepage":"https://github.com/Jezternz/localjsondb","bugs":{"url":"https://github.com/Jezternz/localjsondb/issues"},"author":{"name":"Joshua McLauchlan","email":"jezternz@gmail.com"},"repository":{"type":"git","url":"https://github.com/Jezternz/localjsondb.git"},"dependencies":{"mocha":"~1.18.2"},"scripts":{"test":"mocha ./tests/test.js"},"_id":"localjsondb@0.0.4","dist":{"shasum":"6ffcb80e89870baef6ef980a1e374244b6a19a30","tarball":"http://registry.npmjs.org/localjsondb/-/localjsondb-0.0.4.tgz"},"_from":".","_npmVersion":"1.4.3","_npmUser":{"name":"jezternz","email":"jezternz@gmail.com"},"maintainers":[{"name":"jezternz","email":"jezternz@gmail.com"}]}
122 error new={"name":"localjsondb","version":"0.0.4","main":"localjsondb.js","description":"A very simple local json file database for Node.js that can be used for prototyping and small projects.","keywords":["json","local","storage","database","rest"],"homepage":"https://github.com/Jezternz/localjsondb","bugs":{"url":"https://github.com/Jezternz/localjsondb/issues"},"author":{"name":"Joshua McLauchlan","email":"jezternz@gmail.com"},"repository":{"type":"git","url":"https://github.com/Jezternz/localjsondb.git"},"dependencies":{"mocha":"~1.18.2"},"scripts":{"test":"mocha ./tests/test.js"},"readme":"LocalJsonDB [![Build Status](https://travis-ci.org/Jezternz/localjsondb.svg?branch=master)](https://travis-ci.org/Jezternz/localjsondb)\u000d\u000a=======\u000d\u000a\u000d\u000aA very simple local json file database for Node.js that can be used for prototyping and small projects. \u000d\u000a\u000d\u000a---\u000d\u000a\u000d\u000aThe API includes only 3 operations (.get(), .set(), .del()), designed for basic addition, removal, retrieval and filtering with pagination. A helper method is also provided (.expressRouting()) that can be used as express middleware, this enables a simple rest api service with get, post, put and delete operations corresponding to the methods previously mentioned. \u000d\u000a\u000d\u000aAll operations work synchronously on the database in memory, and asynchonously save changes to a json file.\u000d\u000a\u000d\u000aTables are essentially just lists of JSON objects. The rows are schemaless and require only a single field to be a unique key. The current implementation does not support concurrent access.\u000d\u000a### Installation\u000d\u000a```\u000d\u000anpm install localjsondb\u000d\u000anpm install express body-parser // (optional - to use express with rest api)\u000d\u000a```\u000d\u000a\u000d\u000a### API\u000d\u000a```javascript\u000d\u000adb = new LocalJsonDB({ \"fileName\": <fileName>, \"prettyJSON\": <bool(false)>, \"tables\": { <setName>: <setUniqueFieldKey>, ... } });\u000d\u000a\u000d\u000a[itemsAffected] = db.set(<tableName>, <itemOrArray>, { \"throwOnDuplicate\" : <bool(false)> });\u000d\u000a[itemsAffected] = db.del(<tableName>, <matchObjOrArray>);\u000d\u000a[itemMatches] = db.get(<tableName>, <matchObjOrArray>, { \"exactMatch\": <bool(false)>, \"ignoreCase\": <bool(false)>, \"orderBy\": <fieldName(null)>, \"orderAscending\": <bool(false)>, \"offset\": <number(0)>, \"limit\": <number(-1)> });\u000d\u000a[expressAllHandler] = db.expressRouting();\u000d\u000a\u000d\u000awhere <matchObjOrArray> is one of:\u000d\u000a* Single or array of unique keys in the target table.\u000d\u000a* Single or array of objects to match against, eg: { <fieldName>:<matchValue>, <fieldName2>:<matchValue2>} means retrieve all values where rows (fieldName contains matchValue or fieldName2 contains matchValue2)\u000d\u000a```\u000d\u000a\u000d\u000a### Examples  \u000d\u000a*tests/test.js* - advanced usage examples.  \u000d\u000a*examples/example-basic.js* - basic usage examples.  \u000d\u000a*examples/example-express.js* - real use case example hosting the rest api with express, and an html client to talk to it with.  \u000d\u000a\u000d\u000a### Improvements\u000d\u000a* Write as a C++ plugin to decrease CPU load.\u000d\u000a* Investigate ways to fix concurrency issues.\u000d\u000a* In the actual search function, could count number of matches instead of returning on first match, to enable sort by relevance.\u000d\u000a* Recover from process end (maybe save synchronously when process is going to end)\u000d\u000a\u000d\u000a### Releases\u000d\u000a0.0.1 - Basic working package  \u000d\u000a0.0.2 - Adding test cases  \u000d\u000a0.0.3 - Added many more test cases, updated API and optional search params  \u000d\u000a0.0.4 - Updated to include a basic Express routing method.\u000d\u000a","readmeFilename":"README.md","_id":"localjsondb@0.0.4","dist":{"shasum":"e64a5bf860b0e7fd7e83313e022ec737924bd6ff","tarball":"http://registry.npmjs.org/localjsondb/-/localjsondb-0.0.4.tgz"},"_from":".","_npmVersion":"1.4.3","_npmUser":{"name":"jezternz","email":"jezternz@gmail.com"},"maintainers":[{"name":"jezternz","email":"jezternz@gmail.com"}]}: localjsondb
122 error     at RegClient.<anonymous> (C:\Program Files\nodejs\node_modules\npm\node_modules\npm-registry-client\lib\request.js:237:14)
122 error     at Request.self.callback (C:\Program Files\nodejs\node_modules\npm\node_modules\request\request.js:123:22)
122 error     at Request.EventEmitter.emit (events.js:98:17)
122 error     at Request.<anonymous> (C:\Program Files\nodejs\node_modules\npm\node_modules\request\request.js:893:14)
122 error     at Request.EventEmitter.emit (events.js:117:20)
122 error     at IncomingMessage.<anonymous> (C:\Program Files\nodejs\node_modules\npm\node_modules\request\request.js:844:12)
122 error     at IncomingMessage.EventEmitter.emit (events.js:117:20)
122 error     at _stream_readable.js:920:16
122 error     at process._tickCallback (node.js:415:13)
123 error If you need help, you may report this *entire* log,
123 error including the npm and node versions, at:
123 error     <http://github.com/npm/npm/issues>
124 error System Windows_NT 6.2.9200
125 error command "C:\\Program Files\\nodejs\\\\node.exe" "C:\\Program Files\\nodejs\\node_modules\\npm\\bin\\npm-cli.js" "publish"
126 error cwd E:\Files\Projects-Personal\git-projects\localjsondb
127 error node -v v0.10.26
128 error npm -v 1.4.3
129 verbose exit [ 1, true ]
